<?xml version="1.0" encoding="UTF-8"?>
<!-- Generated by org.testng.reporters.JUnitReportReporter -->
<testsuite skipped="0" hostname="DESKTOP-R3OMO24" name="tests.LocationServiceTest" tests="2" failures="0" timestamp="2021-05-13T18:23:57 IDT" time="55.035" errors="0">
  <testcase name="LoginUsingFacebook" time="15.493" classname="tests.LocationServiceTest"/>
  <system-out/>
  <testcase name="locationService" time="39.542" classname="tests.LocationServiceTest"/>
  <system-out/>
</testsuite> <!-- tests.LocationServiceTest -->
