<?xml version="1.0" encoding="UTF-8"?>
<!-- Generated by org.testng.reporters.JUnitReportReporter -->
<testsuite skipped="0" hostname="DESKTOP-R3OMO24" name="tests.OrderErrorMessageTest" tests="2" failures="0" timestamp="2021-05-13T18:31:12 IDT" time="41.010" errors="0">
  <testcase name="LoginUsingFacebook" time="15.958" classname="tests.OrderErrorMessageTest"/>
  <system-out/>
  <testcase name="minimumOrderErrorMsg" time="25.052" classname="tests.OrderErrorMessageTest"/>
  <system-out/>
</testsuite> <!-- tests.OrderErrorMessageTest -->
