<?xml version="1.0" encoding="UTF-8"?>
<!-- Generated by org.testng.reporters.JUnitReportReporter -->
<testsuite skipped="0" hostname="DESKTOP-R3OMO24" name="tests.RegistrationTest" tests="2" failures="0" timestamp="2021-05-02T20:22:33 IDT" time="1.503" errors="0">
  <testcase name="fillRegistrationDetails" time="0.805" classname="tests.RegistrationTest"/>
  <system-out/>
  <testcase name="goToRegister" time="0.698" classname="tests.RegistrationTest"/>
  <system-out/>
</testsuite> <!-- tests.RegistrationTest -->
